# JRE version: Java(TM) SE Runtime Environment 18.9 (11.0.11+9) (build 11.0.11+9-LTS-194)
# Java VM: Java HotSpot(TM) 64-Bit Server VM 18.9 (11.0.11+9-LTS-194, mixed mode, tiered, compressed oops, g1 gc, windows-amd64)
Heap:
 garbage-first heap   total 155648K, used 134774K [0x0000000083400000, 0x0000000100000000)
  region size 1024K, 7 young (7168K), 2 survivors (2048K)
 Metaspace       used 37685K, capacity 38951K, committed 39088K, reserved 1083392K
  class space    used 4508K, capacity 5014K, committed 5120K, reserved 1048576K
GC Heap History (10 events):
Event: 5.203 GC heap before
{Heap before GC invocations=26 (full 0):
 garbage-first heap   total 129024K, used 105630K [0x0000000083400000, 0x0000000100000000)
  region size 1024K, 3 young (3072K), 1 survivors (1024K)
 Metaspace       used 36794K, capacity 38009K, committed 38192K, reserved 1083392K
  class space    used 4450K, capacity 4937K, committed 4992K, reserved 1048576K
}
Event: 5.203 GC heap after
{Heap after GC invocations=27 (full 0):
 garbage-first heap   total 129024K, used 104591K [0x0000000083400000, 0x0000000100000000)
  region size 1024K, 1 young (1024K), 1 survivors (1024K)
 Metaspace       used 36794K, capacity 38009K, committed 38192K, reserved 1083392K
  class space    used 4450K, capacity 4937K, committed 4992K, reserved 1048576K
}
Event: 5.316 GC heap before
{Heap before GC invocations=28 (full 0):
 garbage-first heap   total 129024K, used 109711K [0x0000000083400000, 0x0000000100000000)
  region size 1024K, 4 young (4096K), 1 survivors (1024K)
 Metaspace       used 36794K, capacity 38009K, committed 38192K, reserved 1083392K
  class space    used 4450K, capacity 4937K, committed 4992K, reserved 1048576K
}
Event: 5.317 GC heap after
{Heap after GC invocations=29 (full 0):
 garbage-first heap   total 129024K, used 108694K [0x0000000083400000, 0x0000000100000000)
  region size 1024K, 1 young (1024K), 1 survivors (1024K)
 Metaspace       used 36794K, capacity 38009K, committed 38192K, reserved 1083392K
  class space    used 4450K, capacity 4937K, committed 4992K, reserved 1048576K
}
Event: 5.378 GC heap before
{Heap before GC invocations=30 (full 0):
 garbage-first heap   total 129024K, used 116886K [0x0000000083400000, 0x0000000100000000)
  region size 1024K, 2 young (2048K), 1 survivors (1024K)
 Metaspace       used 36794K, capacity 38009K, committed 38192K, reserved 1083392K
  class space    used 4450K, capacity 4937K, committed 4992K, reserved 1048576K
}
Event: 5.379 GC heap after
{Heap after GC invocations=31 (full 0):
 garbage-first heap   total 129024K, used 116890K [0x0000000083400000, 0x0000000100000000)
  region size 1024K, 1 young (1024K), 1 survivors (1024K)
 Metaspace       used 36794K, capacity 38009K, committed 38192K, reserved 1083392K
  class space    used 4450K, capacity 4937K, committed 4992K, reserved 1048576K
}
Event: 5.404 GC heap before
{Heap before GC invocations=32 (full 0):
 garbage-first heap   total 129024K, used 122010K [0x0000000083400000, 0x0000000100000000)
  region size 1024K, 2 young (2048K), 1 survivors (1024K)
 Metaspace       used 36794K, capacity 38009K, committed 38192K, reserved 1083392K
  class space    used 4450K, capacity 4937K, committed 4992K, reserved 1048576K
}
Event: 5.405 GC heap after
{Heap after GC invocations=33 (full 0):
 garbage-first heap   total 155648K, used 122008K [0x0000000083400000, 0x0000000100000000)
  region size 1024K, 1 young (1024K), 1 survivors (1024K)
 Metaspace       used 36794K, capacity 38009K, committed 38192K, reserved 1083392K
  class space    used 4450K, capacity 4937K, committed 4992K, reserved 1048576K
}
Event: 5.536 GC heap before
{Heap before GC invocations=34 (full 0):
 garbage-first heap   total 155648K, used 132248K [0x0000000083400000, 0x0000000100000000)
  region size 1024K, 9 young (9216K), 1 survivors (1024K)
 Metaspace       used 37470K, capacity 38749K, committed 39088K, reserved 1083392K
  class space    used 4498K, capacity 5013K, committed 5120K, reserved 1048576K
}
Event: 5.539 GC heap after
{Heap after GC invocations=35 (full 0):
 garbage-first heap   total 155648K, used 128630K [0x0000000083400000, 0x0000000100000000)
  region size 1024K, 2 young (2048K), 2 survivors (2048K)
 Metaspace       used 37470K, capacity 38749K, committed 39088K, reserved 1083392K
  class space    used 4498K, capacity 5013K, committed 5120K, reserved 1048576K
}

