# JRE version: Java(TM) SE Runtime Environment (16.0.1+9) (build 16.0.1+9-24)
# Java VM: Java HotSpot(TM) 64-Bit Server VM (16.0.1+9-24, mixed mode, sharing, tiered, compressed oops, compressed class ptrs, g1 gc, windows-amd64)
GC Precious Log:
 CPUs: 8 total, 8 available
 Memory: 7979M
 Large Page Support: Disabled
 NUMA Support: Disabled
 Compressed Oops: Enabled (32-bit)
 Heap Region Size: 1M
 Heap Min Capacity: 8M
 Heap Initial Capacity: 126M
 Heap Max Capacity: 1996M
 Pre-touch: Disabled
 Parallel Workers: 8
 Concurrent Workers: 2
 Concurrent Refinement Workers: 8
 Periodic GC: Disabled
Heap:
 garbage-first heap   total 78848K, used 33835K [0x0000000083400000, 0x0000000100000000)
  region size 1024K, 1 young (1024K), 0 survivors (0K)
 Metaspace       used 27870K, committed 28160K, reserved 1073152K
  class space    used 3507K, committed 3648K, reserved 1048576K
GC Heap History (20 events):
Event: 3.289 GC heap before
{Heap before GC invocations=4 (full 0):
 garbage-first heap   total 78848K, used 44424K [0x0000000083400000, 0x0000000100000000)
  region size 1024K, 31 young (31744K), 10 survivors (10240K)
 Metaspace       used 24961K, committed 25280K, reserved 1073152K
  class space    used 3116K, committed 3264K, reserved 1048576K
}
Event: 3.301 GC heap after
{Heap after GC invocations=5 (full 1):
 garbage-first heap   total 78848K, used 24231K [0x0000000083400000, 0x0000000100000000)
  region size 1024K, 0 young (0K), 0 survivors (0K)
 Metaspace       used 24961K, committed 25280K, reserved 1073152K
  class space    used 3116K, committed 3264K, reserved 1048576K
}
Event: 3.302 GC heap before
{Heap before GC invocations=5 (full 1):
 garbage-first heap   total 78848K, used 24231K [0x0000000083400000, 0x0000000100000000)
  region size 1024K, 0 young (0K), 0 survivors (0K)
 Metaspace       used 24961K, committed 25280K, reserved 1073152K
  class space    used 3116K, committed 3264K, reserved 1048576K
}
Event: 3.314 GC heap after
{Heap after GC invocations=6 (full 2):
 garbage-first heap   total 78848K, used 24231K [0x0000000083400000, 0x0000000100000000)
  region size 1024K, 0 young (0K), 0 survivors (0K)
 Metaspace       used 24961K, committed 25280K, reserved 1073152K
  class space    used 3116K, committed 3264K, reserved 1048576K
}
Event: 3.443 GC heap before
{Heap before GC invocations=6 (full 2):
 garbage-first heap   total 78848K, used 28327K [0x0000000083400000, 0x0000000100000000)
  region size 1024K, 5 young (5120K), 0 survivors (0K)
 Metaspace       used 25547K, committed 25792K, reserved 1073152K
  class space    used 3204K, committed 3328K, reserved 1048576K
}
Event: 3.463 GC heap after
{Heap after GC invocations=7 (full 3):
 garbage-first heap   total 78848K, used 25165K [0x0000000083400000, 0x0000000100000000)
  region size 1024K, 0 young (0K), 0 survivors (0K)
 Metaspace       used 25547K, committed 25792K, reserved 1073152K
  class space    used 3204K, committed 3328K, reserved 1048576K
}
Event: 3.463 GC heap before
{Heap before GC invocations=7 (full 3):
 garbage-first heap   total 78848K, used 25165K [0x0000000083400000, 0x0000000100000000)
  region size 1024K, 0 young (0K), 0 survivors (0K)
 Metaspace       used 25547K, committed 25792K, reserved 1073152K
  class space    used 3204K, committed 3328K, reserved 1048576K
}
Event: 3.481 GC heap after
{Heap after GC invocations=8 (full 4):
 garbage-first heap   total 78848K, used 25165K [0x0000000083400000, 0x0000000100000000)
  region size 1024K, 0 young (0K), 0 survivors (0K)
 Metaspace       used 25547K, committed 25792K, reserved 1073152K
  class space    used 3204K, committed 3328K, reserved 1048576K
}
Event: 3.740 GC heap before
{Heap before GC invocations=8 (full 4):
 garbage-first heap   total 78848K, used 52813K [0x0000000083400000, 0x0000000100000000)
  region size 1024K, 24 young (24576K), 0 survivors (0K)
 Metaspace       used 27008K, committed 27328K, reserved 1073152K
  class space    used 3448K, committed 3584K, reserved 1048576K
}
Event: 3.763 GC heap after
{Heap after GC invocations=9 (full 5):
 garbage-first heap   total 78848K, used 29519K [0x0000000083400000, 0x0000000100000000)
  region size 1024K, 0 young (0K), 0 survivors (0K)
 Metaspace       used 27008K, committed 27328K, reserved 1073152K
  class space    used 3448K, committed 3584K, reserved 1048576K
}
Event: 3.763 GC heap before
{Heap before GC invocations=9 (full 5):
 garbage-first heap   total 78848K, used 29519K [0x0000000083400000, 0x0000000100000000)
  region size 1024K, 0 young (0K), 0 survivors (0K)
 Metaspace       used 27008K, committed 27328K, reserved 1073152K
  class space    used 3448K, committed 3584K, reserved 1048576K
}
Event: 3.784 GC heap after
{Heap after GC invocations=10 (full 6):
 garbage-first heap   total 78848K, used 29519K [0x0000000083400000, 0x0000000100000000)
  region size 1024K, 0 young (0K), 0 survivors (0K)
 Metaspace       used 27008K, committed 27328K, reserved 1073152K
  class space    used 3448K, committed 3584K, reserved 1048576K
}
Event: 3.807 GC heap before
{Heap before GC invocations=10 (full 6):
 garbage-first heap   total 78848K, used 30543K [0x0000000083400000, 0x0000000100000000)
  region size 1024K, 2 young (2048K), 0 survivors (0K)
 Metaspace       used 27031K, committed 27328K, reserved 1073152K
  class space    used 3449K, committed 3584K, reserved 1048576K
}
Event: 3.829 GC heap after
{Heap after GC invocations=11 (full 7):
 garbage-first heap   total 78848K, used 29202K [0x0000000083400000, 0x0000000100000000)
  region size 1024K, 0 young (0K), 0 survivors (0K)
 Metaspace       used 27031K, committed 27328K, reserved 1073152K
  class space    used 3449K, committed 3584K, reserved 1048576K
}
Event: 3.829 GC heap before
{Heap before GC invocations=11 (full 7):
 garbage-first heap   total 78848K, used 29202K [0x0000000083400000, 0x0000000100000000)
  region size 1024K, 0 young (0K), 0 survivors (0K)
 Metaspace       used 27031K, committed 27328K, reserved 1073152K
  class space    used 3449K, committed 3584K, reserved 1048576K
}
Event: 3.851 GC heap after
{Heap after GC invocations=12 (full 8):
 garbage-first heap   total 78848K, used 29202K [0x0000000083400000, 0x0000000100000000)
  region size 1024K, 0 young (0K), 0 survivors (0K)
 Metaspace       used 27031K, committed 27328K, reserved 1073152K
  class space    used 3449K, committed 3584K, reserved 1048576K
}
Event: 4.062 GC heap before
{Heap before GC invocations=12 (full 8):
 garbage-first heap   total 78848K, used 42514K [0x0000000083400000, 0x0000000100000000)
  region size 1024K, 13 young (13312K), 0 survivors (0K)
 Metaspace       used 27851K, committed 28160K, reserved 1073152K
  class space    used 3507K, committed 3648K, reserved 1048576K
}
Event: 4.087 GC heap after
{Heap after GC invocations=13 (full 9):
 garbage-first heap   total 78848K, used 33835K [0x0000000083400000, 0x0000000100000000)
  region size 1024K, 0 young (0K), 0 survivors (0K)
 Metaspace       used 27851K, committed 28160K, reserved 1073152K
  class space    used 3507K, committed 3648K, reserved 1048576K
}
Event: 4.088 GC heap before
{Heap before GC invocations=13 (full 9):
 garbage-first heap   total 78848K, used 33835K [0x0000000083400000, 0x0000000100000000)
  region size 1024K, 0 young (0K), 0 survivors (0K)
 Metaspace       used 27851K, committed 28160K, reserved 1073152K
  class space    used 3507K, committed 3648K, reserved 1048576K
}
Event: 4.110 GC heap after
{Heap after GC invocations=14 (full 10):
 garbage-first heap   total 78848K, used 33835K [0x0000000083400000, 0x0000000100000000)
  region size 1024K, 0 young (0K), 0 survivors (0K)
 Metaspace       used 27851K, committed 28160K, reserved 1073152K
  class space    used 3507K, committed 3648K, reserved 1048576K
}

