# JRE version: OpenJDK Runtime Environment (16.0.2+7) (build 16.0.2+7)
# Java VM: OpenJDK 64-Bit Server VM (16.0.2+7, mixed mode, sharing, tiered, compressed oops, compressed class ptrs, g1 gc, windows-amd64)
GC Precious Log:
 CPUs: 8 total, 8 available
 Memory: 7979M
 Large Page Support: Disabled
 NUMA Support: Disabled
 Compressed Oops: Enabled (32-bit)
 Heap Region Size: 1M
 Heap Min Capacity: 8M
 Heap Initial Capacity: 126M
 Heap Max Capacity: 1996M
 Pre-touch: Disabled
 Parallel Workers: 8
 Concurrent Workers: 2
 Concurrent Refinement Workers: 8
 Periodic GC: Disabled
Heap:
 garbage-first heap   total 157696K, used 44905K [0x0000000083400000, 0x0000000100000000)
  region size 1024K, 1 young (1024K), 0 survivors (0K)
 Metaspace       used 29248K, committed 29632K, reserved 1081344K
  class space    used 3530K, committed 3712K, reserved 1048576K
GC Heap History (20 events):
Event: 1.272 GC heap before
{Heap before GC invocations=2 (full 0):
 garbage-first heap   total 129024K, used 36725K [0x0000000083400000, 0x0000000100000000)
  region size 1024K, 25 young (25600K), 3 survivors (3072K)
 Metaspace       used 20984K, committed 21248K, reserved 1073152K
  class space    used 2473K, committed 2624K, reserved 1048576K
}
Event: 1.277 GC heap after
{Heap after GC invocations=3 (full 0):
 garbage-first heap   total 129024K, used 25079K [0x0000000083400000, 0x0000000100000000)
  region size 1024K, 6 young (6144K), 6 survivors (6144K)
 Metaspace       used 20984K, committed 21248K, reserved 1073152K
  class space    used 2473K, committed 2624K, reserved 1048576K
}
Event: 2.653 GC heap before
{Heap before GC invocations=4 (full 0):
 garbage-first heap   total 89088K, used 49655K [0x0000000083400000, 0x0000000100000000)
  region size 1024K, 30 young (30720K), 6 survivors (6144K)
 Metaspace       used 26079K, committed 26368K, reserved 1073152K
  class space    used 3166K, committed 3328K, reserved 1048576K
}
Event: 2.666 GC heap after
{Heap after GC invocations=5 (full 1):
 garbage-first heap   total 89088K, used 27814K [0x0000000083400000, 0x0000000100000000)
  region size 1024K, 0 young (0K), 0 survivors (0K)
 Metaspace       used 26079K, committed 26368K, reserved 1073152K
  class space    used 3166K, committed 3328K, reserved 1048576K
}
Event: 2.666 GC heap before
{Heap before GC invocations=5 (full 1):
 garbage-first heap   total 89088K, used 27814K [0x0000000083400000, 0x0000000100000000)
  region size 1024K, 1 young (1024K), 0 survivors (0K)
 Metaspace       used 26079K, committed 26368K, reserved 1073152K
  class space    used 3166K, committed 3328K, reserved 1048576K
}
Event: 2.681 GC heap after
{Heap after GC invocations=6 (full 2):
 garbage-first heap   total 89088K, used 27812K [0x0000000083400000, 0x0000000100000000)
  region size 1024K, 0 young (0K), 0 survivors (0K)
 Metaspace       used 26079K, committed 26368K, reserved 1073152K
  class space    used 3166K, committed 3328K, reserved 1048576K
}
Event: 2.952 GC heap before
{Heap before GC invocations=6 (full 2):
 garbage-first heap   total 89088K, used 56484K [0x0000000083400000, 0x0000000100000000)
  region size 1024K, 19 young (19456K), 0 survivors (0K)
 Metaspace       used 27981K, committed 28288K, reserved 1081344K
  class space    used 3455K, committed 3584K, reserved 1048576K
}
Event: 2.955 GC heap after
{Heap after GC invocations=7 (full 2):
 garbage-first heap   total 89088K, used 36495K [0x0000000083400000, 0x0000000100000000)
  region size 1024K, 3 young (3072K), 3 survivors (3072K)
 Metaspace       used 27981K, committed 28288K, reserved 1081344K
  class space    used 3455K, committed 3584K, reserved 1048576K
}
Event: 3.093 GC heap before
{Heap before GC invocations=7 (full 2):
 garbage-first heap   total 89088K, used 61071K [0x0000000083400000, 0x0000000100000000)
  region size 1024K, 24 young (24576K), 3 survivors (3072K)
 Metaspace       used 28215K, committed 28544K, reserved 1081344K
  class space    used 3470K, committed 3648K, reserved 1048576K
}
Event: 3.096 GC heap after
{Heap after GC invocations=8 (full 2):
 garbage-first heap   total 89088K, used 41534K [0x0000000083400000, 0x0000000100000000)
  region size 1024K, 3 young (3072K), 3 survivors (3072K)
 Metaspace       used 28215K, committed 28544K, reserved 1081344K
  class space    used 3470K, committed 3648K, reserved 1048576K
}
Event: 3.098 GC heap before
{Heap before GC invocations=8 (full 2):
 garbage-first heap   total 89088K, used 41534K [0x0000000083400000, 0x0000000100000000)
  region size 1024K, 4 young (4096K), 3 survivors (3072K)
 Metaspace       used 28218K, committed 28544K, reserved 1081344K
  class space    used 3470K, committed 3648K, reserved 1048576K
}
Event: 3.117 GC heap after
{Heap after GC invocations=9 (full 3):
 garbage-first heap   total 89088K, used 40684K [0x0000000083400000, 0x0000000100000000)
  region size 1024K, 0 young (0K), 0 survivors (0K)
 Metaspace       used 28218K, committed 28544K, reserved 1081344K
  class space    used 3470K, committed 3648K, reserved 1048576K
}
Event: 3.118 GC heap before
{Heap before GC invocations=9 (full 3):
 garbage-first heap   total 89088K, used 40684K [0x0000000083400000, 0x0000000100000000)
  region size 1024K, 0 young (0K), 0 survivors (0K)
 Metaspace       used 28218K, committed 28544K, reserved 1081344K
  class space    used 3470K, committed 3648K, reserved 1048576K
}
Event: 3.138 GC heap after
{Heap after GC invocations=10 (full 4):
 garbage-first heap   total 89088K, used 40684K [0x0000000083400000, 0x0000000100000000)
  region size 1024K, 0 young (0K), 0 survivors (0K)
 Metaspace       used 28218K, committed 28544K, reserved 1081344K
  class space    used 3470K, committed 3648K, reserved 1048576K
}
Event: 3.247 GC heap before
{Heap before GC invocations=10 (full 4):
 garbage-first heap   total 89088K, used 47852K [0x0000000083400000, 0x0000000100000000)
  region size 1024K, 8 young (8192K), 0 survivors (0K)
 Metaspace       used 29026K, committed 29312K, reserved 1081344K
  class space    used 3519K, committed 3648K, reserved 1048576K
}
Event: 3.250 GC heap after
{Heap after GC invocations=11 (full 4):
 garbage-first heap   total 267264K, used 43366K [0x0000000083400000, 0x0000000100000000)
  region size 1024K, 3 young (3072K), 3 survivors (3072K)
 Metaspace       used 29026K, committed 29312K, reserved 1081344K
  class space    used 3519K, committed 3648K, reserved 1048576K
}
Event: 3.384 GC heap before
{Heap before GC invocations=11 (full 4):
 garbage-first heap   total 267264K, used 50534K [0x0000000083400000, 0x0000000100000000)
  region size 1024K, 9 young (9216K), 3 survivors (3072K)
 Metaspace       used 29225K, committed 29568K, reserved 1081344K
  class space    used 3530K, committed 3712K, reserved 1048576K
}
Event: 3.404 GC heap after
{Heap after GC invocations=12 (full 5):
 garbage-first heap   total 157696K, used 44905K [0x0000000083400000, 0x0000000100000000)
  region size 1024K, 0 young (0K), 0 survivors (0K)
 Metaspace       used 29225K, committed 29568K, reserved 1081344K
  class space    used 3530K, committed 3712K, reserved 1048576K
}
Event: 3.405 GC heap before
{Heap before GC invocations=12 (full 5):
 garbage-first heap   total 157696K, used 44905K [0x0000000083400000, 0x0000000100000000)
  region size 1024K, 0 young (0K), 0 survivors (0K)
 Metaspace       used 29225K, committed 29568K, reserved 1081344K
  class space    used 3530K, committed 3712K, reserved 1048576K
}
Event: 3.422 GC heap after
{Heap after GC invocations=13 (full 6):
 garbage-first heap   total 157696K, used 44905K [0x0000000083400000, 0x0000000100000000)
  region size 1024K, 0 young (0K), 0 survivors (0K)
 Metaspace       used 29225K, committed 29568K, reserved 1081344K
  class space    used 3530K, committed 3712K, reserved 1048576K
}

